  [1m[36mOrganization Load (0.3ms)[0m  [1m[34mSELECT "organizations".* FROM "organizations" /* loading for inspect */ LIMIT $1[0m  [["LIMIT", 11]]
  [1m[35m (0.4ms)[0m  [1m[34mSELECT "schema_migrations"."version" FROM "schema_migrations" ORDER BY "schema_migrations"."version" ASC[0m
  [1m[35m (0.2ms)[0m  [1m[34mSELECT "ar_internal_metadata"."value" FROM "ar_internal_metadata" WHERE "ar_internal_metadata"."key" = $1[0m  [["key", "environment"]]
  [1m[35m (0.2ms)[0m  [1m[34mSELECT "schema_migrations"."version" FROM "schema_migrations" ORDER BY "schema_migrations"."version" ASC[0m
  [1m[35m (0.6ms)[0m  [1m[34mSELECT "ar_internal_metadata"."value" FROM "ar_internal_metadata" WHERE "ar_internal_metadata"."key" = $1[0m  [["key", "environment"]]
  [1m[35m (0.4ms)[0m  [1m[34mSELECT "schema_migrations"."version" FROM "schema_migrations" ORDER BY "schema_migrations"."version" ASC[0m
  [1m[35m (0.5ms)[0m  [1m[34mSELECT "ar_internal_metadata"."value" FROM "ar_internal_metadata" WHERE "ar_internal_metadata"."key" = $1[0m  [["key", "environment"]]
  [1m[35m (227.1ms)[0m  [1m[35mDROP DATABASE IF EXISTS "db_main"[0m
  [1m[35m (220.2ms)[0m  [1m[35mDROP DATABASE IF EXISTS "db_test"[0m
  [1m[35m (556.3ms)[0m  [1m[35mCREATE DATABASE "db_main" ENCODING = 'unicode'[0m
  [1m[35m (593.9ms)[0m  [1m[35mCREATE DATABASE "db_test" ENCODING = 'unicode'[0m
  [1m[35m (94.8ms)[0m  [1m[35mCREATE TABLE "schema_migrations" ("version" character varying NOT NULL PRIMARY KEY)[0m
  [1m[35m (96.6ms)[0m  [1m[35mCREATE TABLE "ar_internal_metadata" ("key" character varying NOT NULL PRIMARY KEY, "value" character varying, "created_at" timestamp(6) NOT NULL, "updated_at" timestamp(6) NOT NULL)[0m
  [1m[35m (0.3ms)[0m  [1m[34mSELECT pg_try_advisory_lock(4531209215780088975)[0m
  [1m[35m (0.3ms)[0m  [1m[34mSELECT "schema_migrations"."version" FROM "schema_migrations" ORDER BY "schema_migrations"."version" ASC[0m
Migrating to DeviseCreateUsers (20211202012903)
  [1m[36mTRANSACTION (0.2ms)[0m  [1m[35mBEGIN[0m
  [1m[35m (84.3ms)[0m  [1m[35mCREATE TABLE "users" ("id" bigserial primary key, "email" character varying DEFAULT '' NOT NULL, "encrypted_password" character varying DEFAULT '' NOT NULL, "reset_password_token" character varying, "reset_password_sent_at" timestamp, "remember_created_at" timestamp, "created_at" timestamp(6) NOT NULL, "updated_at" timestamp(6) NOT NULL)[0m
  [1m[35m (40.2ms)[0m  [1m[35mCREATE UNIQUE INDEX "index_users_on_email" ON "users" ("email")[0m
  [1m[35m (31.2ms)[0m  [1m[35mCREATE UNIQUE INDEX "index_users_on_reset_password_token" ON "users" ("reset_password_token")[0m
  [1m[36mActiveRecord::SchemaMigration Create (0.3ms)[0m  [1m[32mINSERT INTO "schema_migrations" ("version") VALUES ($1) RETURNING "version"[0m  [["version", "20211202012903"]]
  [1m[36mTRANSACTION (14.2ms)[0m  [1m[35mCOMMIT[0m
Migrating to AddNameToUser (20211202013858)
  [1m[36mTRANSACTION (0.3ms)[0m  [1m[35mBEGIN[0m
  [1m[35m (0.6ms)[0m  [1m[35mALTER TABLE "users" ADD "name" character varying[0m
  [1m[36mActiveRecord::SchemaMigration Create (0.6ms)[0m  [1m[32mINSERT INTO "schema_migrations" ("version") VALUES ($1) RETURNING "version"[0m  [["version", "20211202013858"]]
  [1m[36mTRANSACTION (7.5ms)[0m  [1m[35mCOMMIT[0m
Migrating to CreateRooms (20211202015657)
  [1m[36mTRANSACTION (0.2ms)[0m  [1m[35mBEGIN[0m
  [1m[35m (67.0ms)[0m  [1m[35mCREATE TABLE "rooms" ("id" bigserial primary key, "name" character varying, "created_at" timestamp(6) NOT NULL, "updated_at" timestamp(6) NOT NULL)[0m
  [1m[36mActiveRecord::SchemaMigration Create (0.5ms)[0m  [1m[32mINSERT INTO "schema_migrations" ("version") VALUES ($1) RETURNING "version"[0m  [["version", "20211202015657"]]
  [1m[36mTRANSACTION (14.7ms)[0m  [1m[35mCOMMIT[0m
Migrating to CreateMeetings (20211202020409)
  [1m[36mTRANSACTION (0.4ms)[0m  [1m[35mBEGIN[0m
  [1m[35m (35.0ms)[0m  [1m[35mCREATE TABLE "meetings" ("id" bigserial primary key, "starts_at" timestamp, "end_at" timestamp, "room_id" bigint NOT NULL, "created_at" timestamp(6) NOT NULL, "updated_at" timestamp(6) NOT NULL, CONSTRAINT "fk_rails_7b64f8ae63"
FOREIGN KEY ("room_id")
  REFERENCES "rooms" ("id")
)[0m
  [1m[35m (32.5ms)[0m  [1m[35mCREATE INDEX "index_meetings_on_room_id" ON "meetings" ("room_id")[0m
  [1m[36mActiveRecord::SchemaMigration Create (0.6ms)[0m  [1m[32mINSERT INTO "schema_migrations" ("version") VALUES ($1) RETURNING "version"[0m  [["version", "20211202020409"]]
  [1m[36mTRANSACTION (13.9ms)[0m  [1m[35mCOMMIT[0m
Migrating to CreateOrganizations (20211202233153)
  [1m[36mTRANSACTION (0.2ms)[0m  [1m[35mBEGIN[0m
  [1m[35m (63.9ms)[0m  [1m[35mCREATE TABLE "organizations" ("id" bigserial primary key, "name" character varying, "adress" character varying, "number_of_rooms" integer, "work_on_weekend" boolean, "business_hours_start" character varying, "business_hours_end" character varying, "created_at" timestamp(6) NOT NULL, "updated_at" timestamp(6) NOT NULL)[0m
  [1m[36mActiveRecord::SchemaMigration Create (0.3ms)[0m  [1m[32mINSERT INTO "schema_migrations" ("version") VALUES ($1) RETURNING "version"[0m  [["version", "20211202233153"]]
  [1m[36mTRANSACTION (14.5ms)[0m  [1m[35mCOMMIT[0m
Migrating to AddOrganizationToRooms (20211203005218)
  [1m[36mTRANSACTION (0.2ms)[0m  [1m[35mBEGIN[0m
  [1m[35m (0.3ms)[0m  [1m[35mALTER TABLE "rooms" ADD "organization_id" bigint NOT NULL[0m
  [1m[35m (29.9ms)[0m  [1m[35mCREATE INDEX "index_rooms_on_organization_id" ON "rooms" ("organization_id")[0m
  [1m[35m (1.1ms)[0m  [1m[35mALTER TABLE "rooms" ADD CONSTRAINT "fk_rails_c2da7dc036"
FOREIGN KEY ("organization_id")
  REFERENCES "organizations" ("id")
[0m
  [1m[36mActiveRecord::SchemaMigration Create (0.3ms)[0m  [1m[32mINSERT INTO "schema_migrations" ("version") VALUES ($1) RETURNING "version"[0m  [["version", "20211203005218"]]
  [1m[36mTRANSACTION (11.7ms)[0m  [1m[35mCOMMIT[0m
  [1m[36mActiveRecord::InternalMetadata Load (0.3ms)[0m  [1m[34mSELECT "ar_internal_metadata".* FROM "ar_internal_metadata" WHERE "ar_internal_metadata"."key" = $1 LIMIT $2[0m  [["key", "environment"], ["LIMIT", 1]]
  [1m[36mTRANSACTION (0.1ms)[0m  [1m[35mBEGIN[0m
  [1m[36mActiveRecord::InternalMetadata Create (0.4ms)[0m  [1m[32mINSERT INTO "ar_internal_metadata" ("key", "value", "created_at", "updated_at") VALUES ($1, $2, $3, $4) RETURNING "key"[0m  [["key", "environment"], ["value", "development"], ["created_at", "2021-12-06 15:45:30.876546"], ["updated_at", "2021-12-06 15:45:30.876546"]]
  [1m[36mTRANSACTION (3.0ms)[0m  [1m[35mCOMMIT[0m
  [1m[35m (0.4ms)[0m  [1m[34mSELECT pg_advisory_unlock(4531209215780088975)[0m
  [1m[35m (0.8ms)[0m  [1m[34mSELECT "schema_migrations"."version" FROM "schema_migrations" ORDER BY "schema_migrations"."version" ASC[0m
  [1m[36mOrganization Load (0.3ms)[0m  [1m[34mSELECT "organizations".* FROM "organizations" /* loading for inspect */ LIMIT $1[0m  [["LIMIT", 11]]
  [1m[36mOrganization Load (0.3ms)[0m  [1m[34mSELECT "organizations".* FROM "organizations" /* loading for inspect */ LIMIT $1[0m  [["LIMIT", 11]]
  [1m[36mRoom Load (0.3ms)[0m  [1m[34mSELECT "rooms".* FROM "rooms" /* loading for inspect */ LIMIT $1[0m  [["LIMIT", 11]]
  [1m[35m (0.5ms)[0m  [1m[34mSELECT "schema_migrations"."version" FROM "schema_migrations" ORDER BY "schema_migrations"."version" ASC[0m
  [1m[36mTRANSACTION (0.2ms)[0m  [1m[35mBEGIN[0m
  [1m[36mOrganization Create (0.6ms)[0m  [1m[32mINSERT INTO "organizations" ("name", "adress", "number_of_rooms", "work_on_weekend", "business_hours_start", "business_hours_end", "created_at", "updated_at") VALUES ($1, $2, $3, $4, $5, $6, $7, $8) RETURNING "id"[0m  [["name", "GetNinjas São Paulo"], ["adress", "São Paulo-SP"], ["number_of_rooms", 4], ["work_on_weekend", false], ["business_hours_start", "09:00"], ["business_hours_end", "18:00"], ["created_at", "2021-12-06 15:46:18.616433"], ["updated_at", "2021-12-06 15:46:18.616433"]]
  [1m[36mTRANSACTION (13.7ms)[0m  [1m[35mCOMMIT[0m
  [1m[36mTRANSACTION (0.2ms)[0m  [1m[35mBEGIN[0m
  [1m[36mOrganization Load (0.3ms)[0m  [1m[34mSELECT "organizations".* FROM "organizations" WHERE "organizations"."id" = $1 LIMIT $2[0m  [["id", 1], ["LIMIT", 1]]
  [1m[35m (0.5ms)[0m  [1m[34mSELECT COUNT(*) FROM "rooms" WHERE "rooms"."organization_id" = $1[0m  [["organization_id", 1]]
  ↳ app/models/room.rb:11:in `limit_reached?'
  [1m[36mRoom Create (0.5ms)[0m  [1m[32mINSERT INTO "rooms" ("name", "created_at", "updated_at", "organization_id") VALUES ($1, $2, $3, $4) RETURNING "id"[0m  [["name", "Sala 1"], ["created_at", "2021-12-06 15:46:18.661418"], ["updated_at", "2021-12-06 15:46:18.661418"], ["organization_id", 1]]
  [1m[36mTRANSACTION (3.0ms)[0m  [1m[35mCOMMIT[0m
  [1m[36mTRANSACTION (0.1ms)[0m  [1m[35mBEGIN[0m
  [1m[36mOrganization Load (0.2ms)[0m  [1m[34mSELECT "organizations".* FROM "organizations" WHERE "organizations"."id" = $1 LIMIT $2[0m  [["id", 1], ["LIMIT", 1]]
  [1m[35m (0.2ms)[0m  [1m[34mSELECT COUNT(*) FROM "rooms" WHERE "rooms"."organization_id" = $1[0m  [["organization_id", 1]]
  ↳ app/models/room.rb:11:in `limit_reached?'
  [1m[36mRoom Create (0.3ms)[0m  [1m[32mINSERT INTO "rooms" ("name", "created_at", "updated_at", "organization_id") VALUES ($1, $2, $3, $4) RETURNING "id"[0m  [["name", "Sala 2"], ["created_at", "2021-12-06 15:46:18.671826"], ["updated_at", "2021-12-06 15:46:18.671826"], ["organization_id", 1]]
  [1m[36mTRANSACTION (9.6ms)[0m  [1m[35mCOMMIT[0m
  [1m[36mTRANSACTION (0.1ms)[0m  [1m[35mBEGIN[0m
  [1m[36mOrganization Load (0.2ms)[0m  [1m[34mSELECT "organizations".* FROM "organizations" WHERE "organizations"."id" = $1 LIMIT $2[0m  [["id", 1], ["LIMIT", 1]]
  [1m[35m (0.2ms)[0m  [1m[34mSELECT COUNT(*) FROM "rooms" WHERE "rooms"."organization_id" = $1[0m  [["organization_id", 1]]
  ↳ app/models/room.rb:11:in `limit_reached?'
  [1m[36mRoom Create (0.3ms)[0m  [1m[32mINSERT INTO "rooms" ("name", "created_at", "updated_at", "organization_id") VALUES ($1, $2, $3, $4) RETURNING "id"[0m  [["name", "Sala 3"], ["created_at", "2021-12-06 15:46:18.688402"], ["updated_at", "2021-12-06 15:46:18.688402"], ["organization_id", 1]]
  [1m[36mTRANSACTION (1.6ms)[0m  [1m[35mCOMMIT[0m
  [1m[36mTRANSACTION (0.1ms)[0m  [1m[35mBEGIN[0m
  [1m[36mOrganization Load (0.2ms)[0m  [1m[34mSELECT "organizations".* FROM "organizations" WHERE "organizations"."id" = $1 LIMIT $2[0m  [["id", 1], ["LIMIT", 1]]
  [1m[35m (0.2ms)[0m  [1m[34mSELECT COUNT(*) FROM "rooms" WHERE "rooms"."organization_id" = $1[0m  [["organization_id", 1]]
  ↳ app/models/room.rb:11:in `limit_reached?'
  [1m[36mRoom Create (0.3ms)[0m  [1m[32mINSERT INTO "rooms" ("name", "created_at", "updated_at", "organization_id") VALUES ($1, $2, $3, $4) RETURNING "id"[0m  [["name", "Sala 4"], ["created_at", "2021-12-06 15:46:18.696667"], ["updated_at", "2021-12-06 15:46:18.696667"], ["organization_id", 1]]
  [1m[36mTRANSACTION (1.7ms)[0m  [1m[35mCOMMIT[0m
  [1m[36mOrganization Load (0.5ms)[0m  [1m[34mSELECT "organizations".* FROM "organizations" /* loading for inspect */ LIMIT $1[0m  [["LIMIT", 11]]
  [1m[35m (0.8ms)[0m  [1m[34mSELECT COUNT(*) FROM "organizations"[0m
  [1m[35m (0.6ms)[0m  [1m[34mSELECT COUNT(*) FROM "rooms"[0m
  [1m[35m (0.5ms)[0m  [1m[34mSELECT COUNT(*) FROM "organizations"[0m
  [1m[35m (0.4ms)[0m  [1m[34mSELECT COUNT(*) FROM "rooms"[0m
Started GET "/api/v1/organizations" for 172.22.0.1 at 2021-12-06 22:46:45 +0000
  [1m[35m (36.8ms)[0m  [1m[34mSELECT "schema_migrations"."version" FROM "schema_migrations" ORDER BY "schema_migrations"."version" ASC[0m
Processing by Api::V1::OrganizationsController#index as */*
  [1m[36mOrganization Load (36.8ms)[0m  [1m[34mSELECT "organizations".* FROM "organizations"[0m
  ↳ app/controllers/api/v1/organizations_controller.rb:9:in `index'
Completed 200 OK in 139ms (Views: 40.1ms | ActiveRecord: 44.0ms | Allocations: 9403)


Started GET "/api/v1/organizations/1/" for 172.22.0.1 at 2021-12-06 22:49:24 +0000
Processing by Api::V1::OrganizationsController#show as */*
  Parameters: {"id"=>"1"}
  [1m[36mOrganization Load (0.5ms)[0m  [1m[34mSELECT "organizations".* FROM "organizations" WHERE "organizations"."id" = $1 LIMIT $2[0m  [["id", 1], ["LIMIT", 1]]
  ↳ app/controllers/api/v1/organizations_controller.rb:45:in `set_organization'
Completed 200 OK in 29ms (Views: 0.7ms | ActiveRecord: 0.9ms | Allocations: 2477)


Started POST "/api/v1/organizations" for 172.22.0.1 at 2021-12-06 22:51:12 +0000
Error occurred while parsing request parameters.
Contents:

[
    {
        "name": "GetNinjas São Paulo 2",
        "adress": "São Paulo-SP 2",
        "number_of_rooms": 4,
        "work_on_weekend": false,
        "business_hours_start": "09:00",
        "business_hours_end": "18:00",
    }
]
Processing by Api::V1::OrganizationsController#create as */*
Completed 400 Bad Request in 0ms (ActiveRecord: 0.0ms | Allocations: 138)


  
ActionDispatch::Http::Parameters::ParseError (434: unexpected token at '{
        "name": "GetNinjas São Paulo 2",
        "adress": "São Paulo-SP 2",
        "number_of_rooms": 4,
        "work_on_weekend": false,
        "business_hours_start": "09:00",
        "business_hours_end": "18:00",
    }
]'):
  
app/controllers/api/v1/organizations_controller.rb:49:in `organization_params'
app/controllers/api/v1/organizations_controller.rb:19:in `create'
Started POST "/api/v1/organizations" for 172.22.0.1 at 2021-12-06 22:51:19 +0000
Processing by Api::V1::OrganizationsController#create as */*
  Parameters: {"_json"=>[{"name"=>"GetNinjas São Paulo 2", "adress"=>"São Paulo-SP 2", "number_of_rooms"=>4, "work_on_weekend"=>false, "business_hours_start"=>"09:00", "business_hours_end"=>"18:00"}], "organization"=>{}}
Completed 400 Bad Request in 1ms (ActiveRecord: 0.0ms | Allocations: 151)


  
ActionController::ParameterMissing (param is missing or the value is empty: organization
Did you mean?  organization
               controller
               _json
               action):
  
app/controllers/api/v1/organizations_controller.rb:49:in `organization_params'
app/controllers/api/v1/organizations_controller.rb:19:in `create'
Started POST "/api/v1/organizations/" for 172.22.0.1 at 2021-12-06 22:53:39 +0000
Processing by Api::V1::OrganizationsController#create as */*
  Parameters: {"_json"=>[{"name"=>"GetNinjas São Paulo 2", "adress"=>"São Paulo-SP 2", "number_of_rooms"=>4, "work_on_weekend"=>false, "business_hours_start"=>"09:00", "business_hours_end"=>"18:00"}], "organization"=>{}}
Completed 400 Bad Request in 1ms (ActiveRecord: 0.0ms | Allocations: 148)


  
ActionController::ParameterMissing (param is missing or the value is empty: organization
Did you mean?  organization
               controller
               _json
               action):
  
app/controllers/api/v1/organizations_controller.rb:49:in `organization_params'
app/controllers/api/v1/organizations_controller.rb:19:in `create'
Started POST "/api/v1/organizations/" for 172.22.0.1 at 2021-12-06 22:54:32 +0000
Processing by Api::V1::OrganizationsController#create as */*
  Parameters: {"name"=>"GetNinjas São Paulo 2", "adress"=>"São Paulo-SP 2", "number_of_rooms"=>4, "work_on_weekend"=>false, "business_hours_start"=>"09:00", "business_hours_end"=>"18:00", "organization"=>{"name"=>"GetNinjas São Paulo 2", "adress"=>"São Paulo-SP 2", "number_of_rooms"=>4, "work_on_weekend"=>false, "business_hours_start"=>"09:00", "business_hours_end"=>"18:00"}}
  [1m[36mTRANSACTION (0.3ms)[0m  [1m[35mBEGIN[0m
  ↳ app/controllers/api/v1/organizations_controller.rb:21:in `create'
  [1m[36mOrganization Create (54.2ms)[0m  [1m[32mINSERT INTO "organizations" ("name", "adress", "number_of_rooms", "work_on_weekend", "business_hours_start", "business_hours_end", "created_at", "updated_at") VALUES ($1, $2, $3, $4, $5, $6, $7, $8) RETURNING "id"[0m  [["name", "GetNinjas São Paulo 2"], ["adress", "São Paulo-SP 2"], ["number_of_rooms", 4], ["work_on_weekend", false], ["business_hours_start", "09:00"], ["business_hours_end", "18:00"], ["created_at", "2021-12-06 22:54:32.579786"], ["updated_at", "2021-12-06 22:54:32.579786"]]
  ↳ app/controllers/api/v1/organizations_controller.rb:21:in `create'
  [1m[36mTRANSACTION (17.6ms)[0m  [1m[35mCOMMIT[0m
  ↳ app/controllers/api/v1/organizations_controller.rb:21:in `create'
Completed 201 Created in 83ms (Views: 0.9ms | ActiveRecord: 72.1ms | Allocations: 2238)


Started PUT "/api/v1/organizations/1/" for 172.22.0.1 at 2021-12-06 22:56:54 +0000
Processing by Api::V1::OrganizationsController#update as */*
  Parameters: {"id"=>"1", "number_of_rooms"=>6, "organization"=>{"id"=>"1", "number_of_rooms"=>6}}
  [1m[36mOrganization Load (0.3ms)[0m  [1m[34mSELECT "organizations".* FROM "organizations" WHERE "organizations"."id" = $1 LIMIT $2[0m  [["id", 1], ["LIMIT", 1]]
  ↳ app/controllers/api/v1/organizations_controller.rb:45:in `set_organization'
[31mUnpermitted parameter: :id[0m
  [1m[36mTRANSACTION (0.2ms)[0m  [1m[35mBEGIN[0m
  ↳ app/controllers/api/v1/organizations_controller.rb:31:in `update'
  [1m[36mOrganization Update (37.4ms)[0m  [1m[33mUPDATE "organizations" SET "number_of_rooms" = $1, "updated_at" = $2 WHERE "organizations"."id" = $3[0m  [["number_of_rooms", 6], ["updated_at", "2021-12-06 22:56:54.369264"], ["id", 1]]
  ↳ app/controllers/api/v1/organizations_controller.rb:31:in `update'
  [1m[36mTRANSACTION (6.0ms)[0m  [1m[35mCOMMIT[0m
  ↳ app/controllers/api/v1/organizations_controller.rb:31:in `update'
Completed 200 OK in 52ms (Views: 0.8ms | ActiveRecord: 43.9ms | Allocations: 2447)


Started PUT "/api/v1/organizations/1/" for 172.22.0.1 at 2021-12-06 22:57:26 +0000
Processing by Api::V1::OrganizationsController#update as */*
  Parameters: {"number_of_rooms"=>4, "id"=>"1", "organization"=>{"number_of_rooms"=>4}}
  [1m[36mOrganization Load (0.3ms)[0m  [1m[34mSELECT "organizations".* FROM "organizations" WHERE "organizations"."id" = $1 LIMIT $2[0m  [["id", 1], ["LIMIT", 1]]
  ↳ app/controllers/api/v1/organizations_controller.rb:45:in `set_organization'
  [1m[36mTRANSACTION (0.2ms)[0m  [1m[35mBEGIN[0m
  ↳ app/controllers/api/v1/organizations_controller.rb:31:in `update'
  [1m[36mOrganization Update (0.5ms)[0m  [1m[33mUPDATE "organizations" SET "number_of_rooms" = $1, "updated_at" = $2 WHERE "organizations"."id" = $3[0m  [["number_of_rooms", 4], ["updated_at", "2021-12-06 22:57:26.237083"], ["id", 1]]
  ↳ app/controllers/api/v1/organizations_controller.rb:31:in `update'
  [1m[36mTRANSACTION (14.1ms)[0m  [1m[35mCOMMIT[0m
  ↳ app/controllers/api/v1/organizations_controller.rb:31:in `update'
Completed 200 OK in 25ms (Views: 0.7ms | ActiveRecord: 15.1ms | Allocations: 2366)


Started PUT "/api/v1/organizations/2/" for 172.22.0.1 at 2021-12-06 22:57:36 +0000
Processing by Api::V1::OrganizationsController#update as */*
  Parameters: {"number_of_rooms"=>6, "id"=>"2", "organization"=>{"number_of_rooms"=>6}}
  [1m[36mOrganization Load (0.3ms)[0m  [1m[34mSELECT "organizations".* FROM "organizations" WHERE "organizations"."id" = $1 LIMIT $2[0m  [["id", 2], ["LIMIT", 1]]
  ↳ app/controllers/api/v1/organizations_controller.rb:45:in `set_organization'
  [1m[36mTRANSACTION (0.2ms)[0m  [1m[35mBEGIN[0m
  ↳ app/controllers/api/v1/organizations_controller.rb:31:in `update'
  [1m[36mOrganization Update (0.3ms)[0m  [1m[33mUPDATE "organizations" SET "number_of_rooms" = $1, "updated_at" = $2 WHERE "organizations"."id" = $3[0m  [["number_of_rooms", 6], ["updated_at", "2021-12-06 22:57:36.473391"], ["id", 2]]
  ↳ app/controllers/api/v1/organizations_controller.rb:31:in `update'
  [1m[36mTRANSACTION (13.6ms)[0m  [1m[35mCOMMIT[0m
  ↳ app/controllers/api/v1/organizations_controller.rb:31:in `update'
Completed 200 OK in 19ms (Views: 0.4ms | ActiveRecord: 14.4ms | Allocations: 2366)


Started GET "/api/v1/organizations/1/rooms/" for 172.22.0.1 at 2021-12-06 23:03:00 +0000
Processing by Api::V1::RoomsController#index as */*
  Parameters: {"starts_at"=>"10/12/2021 10:00", "end_at"=>"10/12/2021 11:00", "organization_id"=>"1", "room"=>{}}
  [1m[36mRoom Load (55.8ms)[0m  [1m[34mSELECT "rooms".* FROM "rooms"[0m
  ↳ app/controllers/api/v1/rooms_controller.rb:10:in `index'
Completed 200 OK in 64ms (Views: 4.6ms | ActiveRecord: 61.7ms | Allocations: 2910)


Started POST "/api/v1/organizations/2/rooms/" for 172.22.0.1 at 2021-12-06 23:05:53 +0000
  [1m[35m (0.5ms)[0m  [1m[34mSELECT "schema_migrations"."version" FROM "schema_migrations" ORDER BY "schema_migrations"."version" ASC[0m
Processing by Api::V1::RoomsController#create as */*
  Parameters: {"name"=>"Sala 1", "organization_id"=>"2", "room"=>{"name"=>"Sala 1"}}
[31mUnpermitted parameter: :room[0m
  [1m[36mTRANSACTION (0.2ms)[0m  [1m[35mBEGIN[0m
  ↳ app/controllers/api/v1/rooms_controller.rb:22:in `create'
  [1m[36mOrganization Load (0.3ms)[0m  [1m[34mSELECT "organizations".* FROM "organizations" WHERE "organizations"."id" = $1 LIMIT $2[0m  [["id", 2], ["LIMIT", 1]]
  ↳ app/controllers/api/v1/rooms_controller.rb:22:in `create'
  [1m[35m (37.3ms)[0m  [1m[34mSELECT COUNT(*) FROM "rooms" WHERE "rooms"."organization_id" = $1[0m  [["organization_id", 2]]
  ↳ app/models/room.rb:11:in `limit_reached?'
  [1m[36mRoom Create (4.4ms)[0m  [1m[32mINSERT INTO "rooms" ("name", "created_at", "updated_at", "organization_id") VALUES ($1, $2, $3, $4) RETURNING "id"[0m  [["name", "Sala 1"], ["created_at", "2021-12-06 23:05:53.794774"], ["updated_at", "2021-12-06 23:05:53.794774"], ["organization_id", 2]]
  ↳ app/controllers/api/v1/rooms_controller.rb:22:in `create'
  [1m[36mTRANSACTION (180.2ms)[0m  [1m[35mCOMMIT[0m
  ↳ app/controllers/api/v1/rooms_controller.rb:22:in `create'
Completed 201 Created in 312ms (Views: 0.8ms | ActiveRecord: 228.4ms | Allocations: 14900)


Started POST "/api/v1/organizations/1/rooms/" for 172.22.0.1 at 2021-12-06 23:06:20 +0000
Processing by Api::V1::RoomsController#create as */*
  Parameters: {"name"=>"Sala 5", "organization_id"=>"1", "room"=>{"name"=>"Sala 5"}}
[31mUnpermitted parameter: :room[0m
  [1m[36mTRANSACTION (0.1ms)[0m  [1m[35mBEGIN[0m
  ↳ app/controllers/api/v1/rooms_controller.rb:22:in `create'
  [1m[36mOrganization Load (0.3ms)[0m  [1m[34mSELECT "organizations".* FROM "organizations" WHERE "organizations"."id" = $1 LIMIT $2[0m  [["id", 1], ["LIMIT", 1]]
  ↳ app/controllers/api/v1/rooms_controller.rb:22:in `create'
  [1m[35m (0.3ms)[0m  [1m[34mSELECT COUNT(*) FROM "rooms" WHERE "rooms"."organization_id" = $1[0m  [["organization_id", 1]]
  ↳ app/models/room.rb:11:in `limit_reached?'
  [1m[36mTRANSACTION (0.1ms)[0m  [1m[31mROLLBACK[0m
  ↳ app/controllers/api/v1/rooms_controller.rb:22:in `create'
Completed 422 Unprocessable Entity in 12ms (Views: 0.2ms | ActiveRecord: 0.9ms | Allocations: 2641)


Started DELETE "/api/v1/organizations/2/" for 172.22.0.1 at 2021-12-06 23:08:17 +0000
Processing by Api::V1::OrganizationsController#destroy as */*
  Parameters: {"id"=>"2"}
  [1m[36mOrganization Load (0.4ms)[0m  [1m[34mSELECT "organizations".* FROM "organizations" WHERE "organizations"."id" = $1 LIMIT $2[0m  [["id", 2], ["LIMIT", 1]]
  ↳ app/controllers/api/v1/organizations_controller.rb:45:in `set_organization'
  [1m[36mTRANSACTION (0.1ms)[0m  [1m[35mBEGIN[0m
  ↳ app/controllers/api/v1/organizations_controller.rb:40:in `destroy'
  [1m[36mOrganization Destroy (2.0ms)[0m  [1m[31mDELETE FROM "organizations" WHERE "organizations"."id" = $1[0m  [["id", 2]]
  ↳ app/controllers/api/v1/organizations_controller.rb:40:in `destroy'
  [1m[36mTRANSACTION (0.2ms)[0m  [1m[31mROLLBACK[0m
  ↳ app/controllers/api/v1/organizations_controller.rb:40:in `destroy'
Completed 500 Internal Server Error in 13ms (ActiveRecord: 2.8ms | Allocations: 2094)


  
ActiveRecord::InvalidForeignKey (PG::ForeignKeyViolation: ERROR:  update or delete on table "organizations" violates foreign key constraint "fk_rails_c2da7dc036" on table "rooms"
DETAIL:  Key (id)=(2) is still referenced from table "rooms".
):
  
app/controllers/api/v1/organizations_controller.rb:40:in `destroy'
Started GET "/api/v1/organizations/2/rooms/" for 172.22.0.1 at 2021-12-06 23:08:42 +0000
Processing by Api::V1::RoomsController#index as */*
  Parameters: {"starts_at"=>"10/12/2021 10:00", "end_at"=>"10/12/2021 11:00", "organization_id"=>"2", "room"=>{}}
  [1m[36mRoom Load (0.3ms)[0m  [1m[34mSELECT "rooms".* FROM "rooms"[0m
  ↳ app/controllers/api/v1/rooms_controller.rb:10:in `index'
Completed 200 OK in 4ms (Views: 3.5ms | ActiveRecord: 0.3ms | Allocations: 1031)


Started GET "/api/v1/organizations/1/rooms/" for 172.22.0.1 at 2021-12-06 23:08:57 +0000
Processing by Api::V1::RoomsController#index as */*
  Parameters: {"starts_at"=>"10/12/2021 10:00", "end_at"=>"10/12/2021 11:00", "organization_id"=>"1", "room"=>{}}
  [1m[36mRoom Load (0.3ms)[0m  [1m[34mSELECT "rooms".* FROM "rooms"[0m
  ↳ app/controllers/api/v1/rooms_controller.rb:10:in `index'
Completed 200 OK in 5ms (Views: 4.0ms | ActiveRecord: 0.3ms | Allocations: 1042)


Started GET "/api/v1/organizations/1/rooms/" for 172.22.0.1 at 2021-12-06 23:08:59 +0000
Processing by Api::V1::RoomsController#index as */*
  Parameters: {"starts_at"=>"10/12/2021 10:00", "end_at"=>"10/12/2021 11:00", "organization_id"=>"1", "room"=>{}}
  [1m[36mRoom Load (0.3ms)[0m  [1m[34mSELECT "rooms".* FROM "rooms"[0m
  ↳ app/controllers/api/v1/rooms_controller.rb:10:in `index'
Completed 200 OK in 4ms (Views: 3.4ms | ActiveRecord: 0.3ms | Allocations: 1021)


Started GET "/api/v1/organizations/1/rooms" for 172.22.0.1 at 2021-12-06 23:09:15 +0000
Processing by Api::V1::RoomsController#index as */*
  Parameters: {"starts_at"=>"10/12/2021 10:00", "end_at"=>"10/12/2021 11:00", "organization_id"=>"1", "room"=>{}}
  [1m[36mRoom Load (0.3ms)[0m  [1m[34mSELECT "rooms".* FROM "rooms"[0m
  ↳ app/controllers/api/v1/rooms_controller.rb:10:in `index'
Completed 200 OK in 3ms (Views: 2.3ms | ActiveRecord: 0.3ms | Allocations: 1042)


Started GET "/api/v1/organizations/1/rooms" for 172.22.0.1 at 2021-12-06 23:10:22 +0000
Processing by Api::V1::RoomsController#index as */*
  Parameters: {"starts_at"=>"10/12/2021 10:00", "end_at"=>"10/12/2021 11:00", "organization_id"=>"1", "room"=>{}}
  [1m[36mRoom Load (0.2ms)[0m  [1m[34mSELECT "rooms".* FROM "rooms" WHERE "rooms"."organization_id" = $1[0m  [["organization_id", 1]]
  ↳ app/controllers/api/v1/rooms_controller.rb:10:in `index'
Completed 200 OK in 9ms (Views: 5.8ms | ActiveRecord: 3.6ms | Allocations: 2947)


Started GET "/api/v1/organizations/2/rooms" for 172.22.0.1 at 2021-12-06 23:10:26 +0000
Processing by Api::V1::RoomsController#index as */*
  Parameters: {"starts_at"=>"10/12/2021 10:00", "end_at"=>"10/12/2021 11:00", "organization_id"=>"2", "room"=>{}}
  [1m[36mRoom Load (0.2ms)[0m  [1m[34mSELECT "rooms".* FROM "rooms" WHERE "rooms"."organization_id" = $1[0m  [["organization_id", 2]]
  ↳ app/controllers/api/v1/rooms_controller.rb:10:in `index'
Completed 200 OK in 2ms (Views: 1.4ms | ActiveRecord: 0.2ms | Allocations: 753)


Started DELETE "/api/v1/organizations/2/rooms/5" for 172.22.0.1 at 2021-12-06 23:11:47 +0000
Processing by Api::V1::RoomsController#destroy as */*
  Parameters: {"organization_id"=>"2", "id"=>"5"}
  [1m[36mRoom Load (0.4ms)[0m  [1m[34mSELECT "rooms".* FROM "rooms" WHERE "rooms"."id" = $1 LIMIT $2[0m  [["id", 5], ["LIMIT", 1]]
  ↳ app/controllers/api/v1/rooms_controller.rb:46:in `set_room'
  [1m[36mTRANSACTION (0.4ms)[0m  [1m[35mBEGIN[0m
  ↳ app/controllers/api/v1/rooms_controller.rb:41:in `destroy'
  [1m[36mRoom Destroy (52.3ms)[0m  [1m[31mDELETE FROM "rooms" WHERE "rooms"."id" = $1[0m  [["id", 5]]
  ↳ app/controllers/api/v1/rooms_controller.rb:41:in `destroy'
  [1m[36mTRANSACTION (33.0ms)[0m  [1m[35mCOMMIT[0m
  ↳ app/controllers/api/v1/rooms_controller.rb:41:in `destroy'
Completed 204 No Content in 94ms (ActiveRecord: 86.1ms | Allocations: 1848)


Started POST "/api/v1/organizations/2/rooms/" for 172.22.0.1 at 2021-12-06 23:12:57 +0000
Processing by Api::V1::RoomsController#create as */*
  Parameters: {"name"=>"Sala 5", "organization_id"=>"2", "room"=>{"name"=>"Sala 5"}}
[31mUnpermitted parameter: :room[0m
  [1m[36mTRANSACTION (0.1ms)[0m  [1m[35mBEGIN[0m
  ↳ app/controllers/api/v1/rooms_controller.rb:22:in `create'
  [1m[36mOrganization Load (0.2ms)[0m  [1m[34mSELECT "organizations".* FROM "organizations" WHERE "organizations"."id" = $1 LIMIT $2[0m  [["id", 2], ["LIMIT", 1]]
  ↳ app/controllers/api/v1/rooms_controller.rb:22:in `create'
  [1m[35m (0.3ms)[0m  [1m[34mSELECT COUNT(*) FROM "rooms" WHERE "rooms"."organization_id" = $1[0m  [["organization_id", 2]]
  ↳ app/models/room.rb:11:in `limit_reached?'
  [1m[36mRoom Create (0.4ms)[0m  [1m[32mINSERT INTO "rooms" ("name", "created_at", "updated_at", "organization_id") VALUES ($1, $2, $3, $4) RETURNING "id"[0m  [["name", "Sala 5"], ["created_at", "2021-12-06 23:12:57.378994"], ["updated_at", "2021-12-06 23:12:57.378994"], ["organization_id", 2]]
  ↳ app/controllers/api/v1/rooms_controller.rb:22:in `create'
  [1m[36mTRANSACTION (17.8ms)[0m  [1m[35mCOMMIT[0m
  ↳ app/controllers/api/v1/rooms_controller.rb:22:in `create'
Completed 201 Created in 40ms (Views: 0.3ms | ActiveRecord: 24.6ms | Allocations: 10038)


Started DELETE "/api/v1/organizations/2/rooms/6" for 172.22.0.1 at 2021-12-06 23:13:08 +0000
Processing by Api::V1::RoomsController#destroy as */*
  Parameters: {"organization_id"=>"2", "id"=>"6"}
  [1m[36mRoom Load (0.2ms)[0m  [1m[34mSELECT "rooms".* FROM "rooms" WHERE "rooms"."id" = $1 LIMIT $2[0m  [["id", 6], ["LIMIT", 1]]
  ↳ app/controllers/api/v1/rooms_controller.rb:47:in `set_room'
  [1m[36mTRANSACTION (0.1ms)[0m  [1m[35mBEGIN[0m
  ↳ app/controllers/api/v1/rooms_controller.rb:41:in `destroy'
  [1m[36mRoom Destroy (0.4ms)[0m  [1m[31mDELETE FROM "rooms" WHERE "rooms"."id" = $1[0m  [["id", 6]]
  ↳ app/controllers/api/v1/rooms_controller.rb:41:in `destroy'
  [1m[36mTRANSACTION (73.2ms)[0m  [1m[35mCOMMIT[0m
  ↳ app/controllers/api/v1/rooms_controller.rb:41:in `destroy'
Completed 500 Internal Server Error in 85ms (ActiveRecord: 77.5ms | Allocations: 5059)


  
ArgumentError (Unrecognized status code :sucess):
  
app/controllers/api/v1/rooms_controller.rb:42:in `destroy'
Started DELETE "/api/v1/organizations/2/rooms/6" for 172.22.0.1 at 2021-12-06 23:13:21 +0000
Processing by Api::V1::RoomsController#destroy as */*
  Parameters: {"organization_id"=>"2", "id"=>"6"}
  [1m[36mRoom Load (0.3ms)[0m  [1m[34mSELECT "rooms".* FROM "rooms" WHERE "rooms"."id" = $1 LIMIT $2[0m  [["id", 6], ["LIMIT", 1]]
  ↳ app/controllers/api/v1/rooms_controller.rb:47:in `set_room'
Completed 404 Not Found in 10ms (ActiveRecord: 3.4ms | Allocations: 1869)


  
ActiveRecord::RecordNotFound (Couldn't find Room with 'id'=6):
  
app/controllers/api/v1/rooms_controller.rb:47:in `set_room'
Started POST "/api/v1/organizations/2/rooms/" for 172.22.0.1 at 2021-12-06 23:13:32 +0000
Processing by Api::V1::RoomsController#create as */*
  Parameters: {"name"=>"Sala 5", "organization_id"=>"2", "room"=>{"name"=>"Sala 5"}}
[31mUnpermitted parameter: :room[0m
  [1m[36mTRANSACTION (0.2ms)[0m  [1m[35mBEGIN[0m
  ↳ app/controllers/api/v1/rooms_controller.rb:22:in `create'
  [1m[36mOrganization Load (0.3ms)[0m  [1m[34mSELECT "organizations".* FROM "organizations" WHERE "organizations"."id" = $1 LIMIT $2[0m  [["id", 2], ["LIMIT", 1]]
  ↳ app/controllers/api/v1/rooms_controller.rb:22:in `create'
  [1m[35m (0.4ms)[0m  [1m[34mSELECT COUNT(*) FROM "rooms" WHERE "rooms"."organization_id" = $1[0m  [["organization_id", 2]]
  ↳ app/models/room.rb:11:in `limit_reached?'
  [1m[36mRoom Create (0.6ms)[0m  [1m[32mINSERT INTO "rooms" ("name", "created_at", "updated_at", "organization_id") VALUES ($1, $2, $3, $4) RETURNING "id"[0m  [["name", "Sala 5"], ["created_at", "2021-12-06 23:13:32.609877"], ["updated_at", "2021-12-06 23:13:32.609877"], ["organization_id", 2]]
  ↳ app/controllers/api/v1/rooms_controller.rb:22:in `create'
  [1m[36mTRANSACTION (17.6ms)[0m  [1m[35mCOMMIT[0m
  ↳ app/controllers/api/v1/rooms_controller.rb:22:in `create'
Completed 201 Created in 59ms (Views: 0.3ms | ActiveRecord: 22.0ms | Allocations: 11371)


Started DELETE "/api/v1/organizations/2/rooms/7" for 172.22.0.1 at 2021-12-06 23:13:53 +0000
Processing by Api::V1::RoomsController#destroy as */*
  Parameters: {"organization_id"=>"2", "id"=>"7"}
  [1m[36mRoom Load (0.3ms)[0m  [1m[34mSELECT "rooms".* FROM "rooms" WHERE "rooms"."id" = $1 LIMIT $2[0m  [["id", 7], ["LIMIT", 1]]
  ↳ app/controllers/api/v1/rooms_controller.rb:47:in `set_room'
  [1m[36mTRANSACTION (0.3ms)[0m  [1m[35mBEGIN[0m
  ↳ app/controllers/api/v1/rooms_controller.rb:41:in `destroy'
  [1m[36mRoom Destroy (0.5ms)[0m  [1m[31mDELETE FROM "rooms" WHERE "rooms"."id" = $1[0m  [["id", 7]]
  ↳ app/controllers/api/v1/rooms_controller.rb:41:in `destroy'
  [1m[36mTRANSACTION (17.9ms)[0m  [1m[35mCOMMIT[0m
  ↳ app/controllers/api/v1/rooms_controller.rb:41:in `destroy'
Completed 500 Internal Server Error in 22ms (ActiveRecord: 19.0ms | Allocations: 1841)


  
ArgumentError (Unrecognized status code :deleted):
  
app/controllers/api/v1/rooms_controller.rb:42:in `destroy'
Started POST "/api/v1/organizations/2/rooms/" for 172.22.0.1 at 2021-12-06 23:14:31 +0000
Processing by Api::V1::RoomsController#create as */*
  Parameters: {"name"=>"Sala 5", "organization_id"=>"2", "room"=>{"name"=>"Sala 5"}}
[31mUnpermitted parameter: :room[0m
  [1m[36mTRANSACTION (0.3ms)[0m  [1m[35mBEGIN[0m
  ↳ app/controllers/api/v1/rooms_controller.rb:22:in `create'
  [1m[36mOrganization Load (0.2ms)[0m  [1m[34mSELECT "organizations".* FROM "organizations" WHERE "organizations"."id" = $1 LIMIT $2[0m  [["id", 2], ["LIMIT", 1]]
  ↳ app/controllers/api/v1/rooms_controller.rb:22:in `create'
  [1m[35m (0.5ms)[0m  [1m[34mSELECT COUNT(*) FROM "rooms" WHERE "rooms"."organization_id" = $1[0m  [["organization_id", 2]]
  ↳ app/models/room.rb:11:in `limit_reached?'
  [1m[36mRoom Create (0.6ms)[0m  [1m[32mINSERT INTO "rooms" ("name", "created_at", "updated_at", "organization_id") VALUES ($1, $2, $3, $4) RETURNING "id"[0m  [["name", "Sala 5"], ["created_at", "2021-12-06 23:14:31.483944"], ["updated_at", "2021-12-06 23:14:31.483944"], ["organization_id", 2]]
  ↳ app/controllers/api/v1/rooms_controller.rb:22:in `create'
  [1m[36mTRANSACTION (65.1ms)[0m  [1m[35mCOMMIT[0m
  ↳ app/controllers/api/v1/rooms_controller.rb:22:in `create'
Completed 201 Created in 97ms (Views: 0.6ms | ActiveRecord: 73.1ms | Allocations: 10077)


Started DELETE "/api/v1/organizations/2/rooms/8" for 172.22.0.1 at 2021-12-06 23:14:40 +0000
Processing by Api::V1::RoomsController#destroy as */*
  Parameters: {"organization_id"=>"2", "id"=>"8"}
  [1m[36mRoom Load (0.5ms)[0m  [1m[34mSELECT "rooms".* FROM "rooms" WHERE "rooms"."id" = $1 LIMIT $2[0m  [["id", 8], ["LIMIT", 1]]
  ↳ app/controllers/api/v1/rooms_controller.rb:47:in `set_room'
  [1m[36mTRANSACTION (0.3ms)[0m  [1m[35mBEGIN[0m
  ↳ app/controllers/api/v1/rooms_controller.rb:41:in `destroy'
  [1m[36mRoom Destroy (0.6ms)[0m  [1m[31mDELETE FROM "rooms" WHERE "rooms"."id" = $1[0m  [["id", 8]]
  ↳ app/controllers/api/v1/rooms_controller.rb:41:in `destroy'
  [1m[36mTRANSACTION (19.5ms)[0m  [1m[35mCOMMIT[0m
  ↳ app/controllers/api/v1/rooms_controller.rb:41:in `destroy'
Completed 200 OK in 30ms (Views: 0.2ms | ActiveRecord: 21.0ms | Allocations: 1893)


Started DELETE "/api/v1/organizations/2/" for 172.22.0.1 at 2021-12-06 23:15:34 +0000
Processing by Api::V1::OrganizationsController#destroy as */*
  Parameters: {"id"=>"2"}
  [1m[36mOrganization Load (0.1ms)[0m  [1m[34mSELECT "organizations".* FROM "organizations" WHERE "organizations"."id" = $1 LIMIT $2[0m  [["id", 2], ["LIMIT", 1]]
  ↳ app/controllers/api/v1/organizations_controller.rb:46:in `set_organization'
  [1m[36mTRANSACTION (0.2ms)[0m  [1m[35mBEGIN[0m
  ↳ app/controllers/api/v1/organizations_controller.rb:40:in `destroy'
  [1m[36mOrganization Destroy (0.4ms)[0m  [1m[31mDELETE FROM "organizations" WHERE "organizations"."id" = $1[0m  [["id", 2]]
  ↳ app/controllers/api/v1/organizations_controller.rb:40:in `destroy'
  [1m[36mTRANSACTION (27.2ms)[0m  [1m[35mCOMMIT[0m
  ↳ app/controllers/api/v1/organizations_controller.rb:40:in `destroy'
Completed 200 OK in 43ms (Views: 0.2ms | ActiveRecord: 30.8ms | Allocations: 6545)


Started GET "/api/v1/organizations/1/rooms/" for 172.22.0.1 at 2021-12-06 23:16:39 +0000
Processing by Api::V1::RoomsController#index as */*
  Parameters: {"organization_id"=>"1"}
  [1m[36mRoom Load (0.2ms)[0m  [1m[34mSELECT "rooms".* FROM "rooms" WHERE "rooms"."organization_id" = $1[0m  [["organization_id", 1]]
  ↳ app/controllers/api/v1/rooms_controller.rb:10:in `index'
Completed 200 OK in 11ms (Views: 4.6ms | ActiveRecord: 3.5ms | Allocations: 4050)


Started GET "/api/v1/organizations/1/rooms/4" for 172.22.0.1 at 2021-12-06 23:17:10 +0000
Processing by Api::V1::RoomsController#show as */*
  Parameters: {"organization_id"=>"1", "id"=>"4"}
  [1m[36mRoom Load (0.3ms)[0m  [1m[34mSELECT "rooms".* FROM "rooms" WHERE "rooms"."id" = $1 LIMIT $2[0m  [["id", 4], ["LIMIT", 1]]
  ↳ app/controllers/api/v1/rooms_controller.rb:47:in `set_room'
Completed 200 OK in 3ms (Views: 0.3ms | ActiveRecord: 0.3ms | Allocations: 682)


Started PUT "/api/v1/organizations/1/rooms/1" for 172.22.0.1 at 2021-12-06 23:18:17 +0000
Processing by Api::V1::RoomsController#update as */*
  Parameters: {"name"=>"Sala de reunião Principal", "organization_id"=>"1", "id"=>"1", "room"=>{"name"=>"Sala de reunião Principal"}}
  [1m[36mRoom Load (0.3ms)[0m  [1m[34mSELECT "rooms".* FROM "rooms" WHERE "rooms"."id" = $1 LIMIT $2[0m  [["id", 1], ["LIMIT", 1]]
  ↳ app/controllers/api/v1/rooms_controller.rb:47:in `set_room'
[31mUnpermitted parameters: :id, :room[0m
  [1m[36mTRANSACTION (0.2ms)[0m  [1m[35mBEGIN[0m
  ↳ app/controllers/api/v1/rooms_controller.rb:32:in `update'
  [1m[36mOrganization Load (0.3ms)[0m  [1m[34mSELECT "organizations".* FROM "organizations" WHERE "organizations"."id" = $1 LIMIT $2[0m  [["id", 1], ["LIMIT", 1]]
  ↳ app/controllers/api/v1/rooms_controller.rb:32:in `update'
  [1m[35m (0.6ms)[0m  [1m[34mSELECT COUNT(*) FROM "rooms" WHERE "rooms"."organization_id" = $1[0m  [["organization_id", 1]]
  ↳ app/models/room.rb:11:in `limit_reached?'
  [1m[36mTRANSACTION (0.3ms)[0m  [1m[31mROLLBACK[0m
  ↳ app/controllers/api/v1/rooms_controller.rb:32:in `update'
Completed 422 Unprocessable Entity in 10ms (Views: 0.2ms | ActiveRecord: 1.7ms | Allocations: 3368)


Started PUT "/api/v1/organizations/1/rooms/1" for 172.22.0.1 at 2021-12-06 23:19:23 +0000
Processing by Api::V1::RoomsController#update as */*
  Parameters: {"name"=>"Sala de reunião Principal", "organization_id"=>"1", "id"=>"1", "room"=>{"name"=>"Sala de reunião Principal"}}
  [1m[36mRoom Load (0.2ms)[0m  [1m[34mSELECT "rooms".* FROM "rooms" WHERE "rooms"."id" = $1 LIMIT $2[0m  [["id", 1], ["LIMIT", 1]]
  ↳ app/controllers/api/v1/rooms_controller.rb:48:in `set_room'
[31mUnpermitted parameters: :id, :room[0m
[31mUnpermitted parameters: :id, :room[0m
  [1m[36mTRANSACTION (1.0ms)[0m  [1m[35mBEGIN[0m
  ↳ (byebug):1:in `update'
  [1m[36mOrganization Load (0.2ms)[0m  [1m[34mSELECT "organizations".* FROM "organizations" WHERE "organizations"."id" = $1 LIMIT $2[0m  [["id", 1], ["LIMIT", 1]]
  ↳ (byebug):1:in `update'
  [1m[35m (0.5ms)[0m  [1m[34mSELECT COUNT(*) FROM "rooms" WHERE "rooms"."organization_id" = $1[0m  [["organization_id", 1]]
  ↳ app/models/room.rb:11:in `limit_reached?'
  [1m[36mTRANSACTION (0.3ms)[0m  [1m[31mROLLBACK[0m
  ↳ (byebug):1:in `update'
[31mUnpermitted parameters: :id, :room[0m
  [1m[36mTRANSACTION (0.5ms)[0m  [1m[35mBEGIN[0m
  ↳ app/models/room.rb:11:in `limit_reached?'
  [1m[35m (0.5ms)[0m  [1m[34mSELECT COUNT(*) FROM "rooms" WHERE "rooms"."organization_id" = $1[0m  [["organization_id", 1]]
  ↳ app/models/room.rb:11:in `limit_reached?'
  [1m[36mTRANSACTION (0.3ms)[0m  [1m[31mROLLBACK[0m
  ↳ (byebug):1:in `update'
[31mUnpermitted parameters: :id, :room[0m
  [1m[36mTRANSACTION (0.3ms)[0m  [1m[35mBEGIN[0m
  ↳ app/models/room.rb:11:in `limit_reached?'
  [1m[35m (0.7ms)[0m  [1m[34mSELECT COUNT(*) FROM "rooms" WHERE "rooms"."organization_id" = $1[0m  [["organization_id", 1]]
  ↳ app/models/room.rb:11:in `limit_reached?'
  [1m[36mTRANSACTION (0.3ms)[0m  [1m[31mROLLBACK[0m
  ↳ (byebug):1:in `update'
[31mUnpermitted parameters: :id, :room[0m
  [1m[36mTRANSACTION (0.4ms)[0m  [1m[35mBEGIN[0m
  ↳ app/models/room.rb:11:in `limit_reached?'
  [1m[35m (0.6ms)[0m  [1m[34mSELECT COUNT(*) FROM "rooms" WHERE "rooms"."organization_id" = $1[0m  [["organization_id", 1]]
  ↳ app/models/room.rb:11:in `limit_reached?'
  [1m[36mTRANSACTION (0.2ms)[0m  [1m[31mROLLBACK[0m
  ↳ (byebug):1:in `update'
[31mUnpermitted parameters: :id, :room[0m
  [1m[36mTRANSACTION (3.5ms)[0m  [1m[35mBEGIN[0m
  ↳ app/models/room.rb:11:in `limit_reached?'
  [1m[35m (1.0ms)[0m  [1m[34mSELECT COUNT(*) FROM "rooms" WHERE "rooms"."organization_id" = $1[0m  [["organization_id", 1]]
  ↳ app/models/room.rb:11:in `limit_reached?'
  [1m[36mTRANSACTION (0.4ms)[0m  [1m[31mROLLBACK[0m
  ↳ app/controllers/api/v1/rooms_controller.rb:33:in `update'
Completed 422 Unprocessable Entity in 111659ms (Views: 0.4ms | ActiveRecord: 23.4ms | Allocations: 85060)


Started PUT "/api/v1/organizations/1/rooms/1" for 172.22.0.1 at 2021-12-06 23:21:17 +0000
  
SyntaxError (/ninja_app/app/models/room.rb:5: syntax error, unexpected local variable or method, expecting `end'
  validate :limit_reached? on: :create
                           ^~
):
  
app/models/room.rb:5: syntax error, unexpected local variable or method, expecting `end'
app/models/room.rb:5: syntax error, unexpected local variable or method, expecting `end'
Started PUT "/api/v1/organizations/1/rooms/1" for 172.22.0.1 at 2021-12-06 23:21:40 +0000
Processing by Api::V1::RoomsController#update as */*
  Parameters: {"name"=>"Sala de reunião Principal", "organization_id"=>"1", "id"=>"1", "room"=>{"name"=>"Sala de reunião Principal"}}
  [1m[36mRoom Load (0.2ms)[0m  [1m[34mSELECT "rooms".* FROM "rooms" WHERE "rooms"."id" = $1 LIMIT $2[0m  [["id", 1], ["LIMIT", 1]]
  ↳ app/controllers/api/v1/rooms_controller.rb:47:in `set_room'
[31mUnpermitted parameters: :id, :room[0m
  [1m[36mTRANSACTION (0.1ms)[0m  [1m[35mBEGIN[0m
  ↳ app/controllers/api/v1/rooms_controller.rb:32:in `update'
  [1m[36mOrganization Load (0.2ms)[0m  [1m[34mSELECT "organizations".* FROM "organizations" WHERE "organizations"."id" = $1 LIMIT $2[0m  [["id", 1], ["LIMIT", 1]]
  ↳ app/controllers/api/v1/rooms_controller.rb:32:in `update'
  [1m[36mRoom Update (0.5ms)[0m  [1m[33mUPDATE "rooms" SET "name" = $1, "updated_at" = $2 WHERE "rooms"."id" = $3[0m  [["name", "Sala de reunião Principal"], ["updated_at", "2021-12-06 23:21:41.021900"], ["id", 1]]
  ↳ app/controllers/api/v1/rooms_controller.rb:32:in `update'
  [1m[36mTRANSACTION (37.3ms)[0m  [1m[35mCOMMIT[0m
  ↳ app/controllers/api/v1/rooms_controller.rb:32:in `update'
Completed 200 OK in 63ms (Views: 0.3ms | ActiveRecord: 47.5ms | Allocations: 10147)


Started POST "/api/v1/organizations/1/rooms/1/meetings" for 172.22.0.1 at 2021-12-06 23:25:16 +0000
Processing by Api::V1::MeetingsController#create as */*
  Parameters: {"starts_at"=>"06/12/2021 10:00", "end_at"=>"06/12/2021 10:00", "organization_id"=>"1", "room_id"=>"1", "meeting"=>{"starts_at"=>"06/12/2021 10:00", "end_at"=>"06/12/2021 10:00"}}
[31mUnpermitted parameters: :organization_id, :meeting[0m
  [1m[36mTRANSACTION (0.2ms)[0m  [1m[35mBEGIN[0m
  ↳ app/controllers/api/v1/meetings_controller.rb:21:in `create'
  [1m[36mRoom Load (0.2ms)[0m  [1m[34mSELECT "rooms".* FROM "rooms" WHERE "rooms"."id" = $1 LIMIT $2[0m  [["id", 1], ["LIMIT", 1]]
  ↳ app/controllers/api/v1/meetings_controller.rb:21:in `create'
  [1m[36mTRANSACTION (0.2ms)[0m  [1m[31mROLLBACK[0m
  ↳ app/controllers/api/v1/meetings_controller.rb:21:in `create'
Completed 422 Unprocessable Entity in 21ms (Views: 0.2ms | ActiveRecord: 10.8ms | Allocations: 7946)


Started POST "/api/v1/organizations/1/rooms/1/meetings" for 172.22.0.1 at 2021-12-06 23:25:23 +0000
Processing by Api::V1::MeetingsController#create as */*
  Parameters: {"starts_at"=>"06/12/2021 10:00", "end_at"=>"06/12/2021 12:00", "organization_id"=>"1", "room_id"=>"1", "meeting"=>{"starts_at"=>"06/12/2021 10:00", "end_at"=>"06/12/2021 12:00"}}
[31mUnpermitted parameters: :organization_id, :meeting[0m
  [1m[36mTRANSACTION (0.1ms)[0m  [1m[35mBEGIN[0m
  ↳ app/controllers/api/v1/meetings_controller.rb:21:in `create'
  [1m[36mRoom Load (0.2ms)[0m  [1m[34mSELECT "rooms".* FROM "rooms" WHERE "rooms"."id" = $1 LIMIT $2[0m  [["id", 1], ["LIMIT", 1]]
  ↳ app/controllers/api/v1/meetings_controller.rb:21:in `create'
  [1m[36mMeeting Load (0.3ms)[0m  [1m[34mSELECT "meetings".* FROM "meetings" WHERE "meetings"."room_id" = $1[0m  [["room_id", 1]]
  ↳ app/models/meeting.rb:22:in `booking_conflict'
  [1m[36mOrganization Load (0.2ms)[0m  [1m[34mSELECT "organizations".* FROM "organizations" WHERE "organizations"."id" = $1 LIMIT $2[0m  [["id", 1], ["LIMIT", 1]]
  ↳ app/models/meeting.rb:35:in `is_weekend?'
  [1m[36mMeeting Create (17.5ms)[0m  [1m[32mINSERT INTO "meetings" ("starts_at", "end_at", "room_id", "created_at", "updated_at") VALUES ($1, $2, $3, $4, $5) RETURNING "id"[0m  [["starts_at", "2021-12-06 10:00:00"], ["end_at", "2021-12-06 12:00:00"], ["room_id", 1], ["created_at", "2021-12-06 23:25:23.959123"], ["updated_at", "2021-12-06 23:25:23.959123"]]
  ↳ app/controllers/api/v1/meetings_controller.rb:21:in `create'
  [1m[36mTRANSACTION (18.3ms)[0m  [1m[35mCOMMIT[0m
  ↳ app/controllers/api/v1/meetings_controller.rb:21:in `create'
Completed 201 Created in 60ms (Views: 0.4ms | ActiveRecord: 41.8ms | Allocations: 8835)


Started POST "/api/v1/organizations/1/rooms/1/meetings" for 172.22.0.1 at 2021-12-06 23:25:37 +0000
Processing by Api::V1::MeetingsController#create as */*
  Parameters: {"starts_at"=>"06/12/2021 10:00", "end_at"=>"06/12/2021 12:00", "organization_id"=>"1", "room_id"=>"1", "meeting"=>{"starts_at"=>"06/12/2021 10:00", "end_at"=>"06/12/2021 12:00"}}
[31mUnpermitted parameters: :organization_id, :meeting[0m
  [1m[36mTRANSACTION (0.2ms)[0m  [1m[35mBEGIN[0m
  ↳ app/controllers/api/v1/meetings_controller.rb:21:in `create'
  [1m[36mRoom Load (0.4ms)[0m  [1m[34mSELECT "rooms".* FROM "rooms" WHERE "rooms"."id" = $1 LIMIT $2[0m  [["id", 1], ["LIMIT", 1]]
  ↳ app/controllers/api/v1/meetings_controller.rb:21:in `create'
  [1m[36mMeeting Load (0.5ms)[0m  [1m[34mSELECT "meetings".* FROM "meetings" WHERE "meetings"."room_id" = $1[0m  [["room_id", 1]]
  ↳ app/models/meeting.rb:22:in `booking_conflict'
  [1m[36mTRANSACTION (0.3ms)[0m  [1m[31mROLLBACK[0m
  ↳ app/controllers/api/v1/meetings_controller.rb:21:in `create'
Completed 422 Unprocessable Entity in 13ms (Views: 0.4ms | ActiveRecord: 1.4ms | Allocations: 2756)


Started POST "/api/v1/organizations/1/rooms/1/meetings" for 172.22.0.1 at 2021-12-06 23:26:05 +0000
Processing by Api::V1::MeetingsController#create as */*
  Parameters: {"starts_at"=>"06/12/2021 08:00", "end_at"=>"06/12/2021 09:00", "organization_id"=>"1", "room_id"=>"1", "meeting"=>{"starts_at"=>"06/12/2021 08:00", "end_at"=>"06/12/2021 09:00"}}
[31mUnpermitted parameters: :organization_id, :meeting[0m
  [1m[36mTRANSACTION (0.2ms)[0m  [1m[35mBEGIN[0m
  ↳ app/controllers/api/v1/meetings_controller.rb:21:in `create'
  [1m[36mRoom Load (0.2ms)[0m  [1m[34mSELECT "rooms".* FROM "rooms" WHERE "rooms"."id" = $1 LIMIT $2[0m  [["id", 1], ["LIMIT", 1]]
  ↳ app/controllers/api/v1/meetings_controller.rb:21:in `create'
  [1m[36mMeeting Load (0.3ms)[0m  [1m[34mSELECT "meetings".* FROM "meetings" WHERE "meetings"."room_id" = $1[0m  [["room_id", 1]]
  ↳ app/models/meeting.rb:22:in `booking_conflict'
  [1m[36mOrganization Load (0.2ms)[0m  [1m[34mSELECT "organizations".* FROM "organizations" WHERE "organizations"."id" = $1 LIMIT $2[0m  [["id", 1], ["LIMIT", 1]]
  ↳ app/models/meeting.rb:35:in `is_weekend?'
  [1m[36mTRANSACTION (0.2ms)[0m  [1m[31mROLLBACK[0m
  ↳ app/controllers/api/v1/meetings_controller.rb:21:in `create'
Completed 422 Unprocessable Entity in 13ms (Views: 0.3ms | ActiveRecord: 1.1ms | Allocations: 3369)


Started POST "/api/v1/organizations/1/rooms/1/meetings" for 172.22.0.1 at 2021-12-06 23:26:33 +0000
Processing by Api::V1::MeetingsController#create as */*
  Parameters: {"starts_at"=>"05/12/2021 08:00", "end_at"=>"05/12/2021 09:00", "organization_id"=>"1", "room_id"=>"1", "meeting"=>{"starts_at"=>"05/12/2021 08:00", "end_at"=>"05/12/2021 09:00"}}
[31mUnpermitted parameters: :organization_id, :meeting[0m
  [1m[36mTRANSACTION (0.2ms)[0m  [1m[35mBEGIN[0m
  ↳ app/controllers/api/v1/meetings_controller.rb:21:in `create'
  [1m[36mRoom Load (0.3ms)[0m  [1m[34mSELECT "rooms".* FROM "rooms" WHERE "rooms"."id" = $1 LIMIT $2[0m  [["id", 1], ["LIMIT", 1]]
  ↳ app/controllers/api/v1/meetings_controller.rb:21:in `create'
  [1m[36mMeeting Load (0.5ms)[0m  [1m[34mSELECT "meetings".* FROM "meetings" WHERE "meetings"."room_id" = $1[0m  [["room_id", 1]]
  ↳ app/models/meeting.rb:22:in `booking_conflict'
  [1m[36mOrganization Load (0.5ms)[0m  [1m[34mSELECT "organizations".* FROM "organizations" WHERE "organizations"."id" = $1 LIMIT $2[0m  [["id", 1], ["LIMIT", 1]]
  ↳ app/models/meeting.rb:35:in `is_weekend?'
  [1m[36mTRANSACTION (0.3ms)[0m  [1m[31mROLLBACK[0m
  ↳ app/controllers/api/v1/meetings_controller.rb:21:in `create'
Completed 422 Unprocessable Entity in 16ms (Views: 0.3ms | ActiveRecord: 1.9ms | Allocations: 3341)


Started POST "/api/v1/organizations/1/rooms/1/meetings" for 172.22.0.1 at 2021-12-06 23:27:50 +0000
Processing by Api::V1::MeetingsController#create as */*
  Parameters: {"starts_at"=>"06/12/2021 14:00", "end_at"=>"06/12/2021 16:00", "organization_id"=>"1", "room_id"=>"1", "meeting"=>{"starts_at"=>"06/12/2021 14:00", "end_at"=>"06/12/2021 16:00"}}
[31mUnpermitted parameters: :organization_id, :meeting[0m
  [1m[36mTRANSACTION (0.3ms)[0m  [1m[35mBEGIN[0m
  ↳ app/controllers/api/v1/meetings_controller.rb:21:in `create'
  [1m[36mRoom Load (0.3ms)[0m  [1m[34mSELECT "rooms".* FROM "rooms" WHERE "rooms"."id" = $1 LIMIT $2[0m  [["id", 1], ["LIMIT", 1]]
  ↳ app/controllers/api/v1/meetings_controller.rb:21:in `create'
  [1m[36mMeeting Load (0.6ms)[0m  [1m[34mSELECT "meetings".* FROM "meetings" WHERE "meetings"."room_id" = $1[0m  [["room_id", 1]]
  ↳ app/models/meeting.rb:22:in `booking_conflict'
  [1m[36mOrganization Load (0.5ms)[0m  [1m[34mSELECT "organizations".* FROM "organizations" WHERE "organizations"."id" = $1 LIMIT $2[0m  [["id", 1], ["LIMIT", 1]]
  ↳ app/models/meeting.rb:35:in `is_weekend?'
  [1m[36mMeeting Create (0.6ms)[0m  [1m[32mINSERT INTO "meetings" ("starts_at", "end_at", "room_id", "created_at", "updated_at") VALUES ($1, $2, $3, $4, $5) RETURNING "id"[0m  [["starts_at", "2021-12-06 14:00:00"], ["end_at", "2021-12-06 16:00:00"], ["room_id", 1], ["created_at", "2021-12-06 23:27:50.323504"], ["updated_at", "2021-12-06 23:27:50.323504"]]
  ↳ app/controllers/api/v1/meetings_controller.rb:21:in `create'
  [1m[36mTRANSACTION (77.8ms)[0m  [1m[35mCOMMIT[0m
  ↳ app/controllers/api/v1/meetings_controller.rb:21:in `create'
Completed 201 Created in 100ms (Views: 0.6ms | ActiveRecord: 80.1ms | Allocations: 4021)


Started GET "/api/v1/organizations/1/rooms/1/meetings" for 172.22.0.1 at 2021-12-06 23:28:05 +0000
Processing by Api::V1::MeetingsController#index as */*
  Parameters: {"organization_id"=>"1", "room_id"=>"1"}
  [1m[36mMeeting Load (0.2ms)[0m  [1m[34mSELECT "meetings".* FROM "meetings"[0m
  ↳ app/controllers/api/v1/meetings_controller.rb:9:in `index'
Completed 200 OK in 2ms (Views: 1.6ms | ActiveRecord: 0.2ms | Allocations: 833)


Started GET "/api/v1/organizations/1/rooms/1/meetings/1" for 172.22.0.1 at 2021-12-06 23:28:32 +0000
Processing by Api::V1::MeetingsController#show as */*
  Parameters: {"organization_id"=>"1", "room_id"=>"1", "id"=>"1"}
  [1m[36mMeeting Load (0.3ms)[0m  [1m[34mSELECT "meetings".* FROM "meetings" WHERE "meetings"."id" = $1 LIMIT $2[0m  [["id", 1], ["LIMIT", 1]]
  ↳ app/controllers/api/v1/meetings_controller.rb:46:in `set_meeting'
Completed 200 OK in 3ms (Views: 0.4ms | ActiveRecord: 0.3ms | Allocations: 714)


Started PUT "/api/v1/organizations/1/rooms/1/meetings/2" for 172.22.0.1 at 2021-12-06 23:29:35 +0000
Processing by Api::V1::MeetingsController#update as */*
  Parameters: {"starts_at"=>"06/12/2021 11:00", "end_at"=>"06/12/2021 12:00", "organization_id"=>"1", "room_id"=>"1", "id"=>"2", "meeting"=>{"starts_at"=>"06/12/2021 11:00", "end_at"=>"06/12/2021 12:00"}}
  [1m[36mMeeting Load (0.4ms)[0m  [1m[34mSELECT "meetings".* FROM "meetings" WHERE "meetings"."id" = $1 LIMIT $2[0m  [["id", 2], ["LIMIT", 1]]
  ↳ app/controllers/api/v1/meetings_controller.rb:46:in `set_meeting'
[31mUnpermitted parameters: :organization_id, :id, :meeting[0m
  [1m[36mTRANSACTION (0.3ms)[0m  [1m[35mBEGIN[0m
  ↳ app/controllers/api/v1/meetings_controller.rb:31:in `update'
  [1m[36mRoom Load (0.3ms)[0m  [1m[34mSELECT "rooms".* FROM "rooms" WHERE "rooms"."id" = $1 LIMIT $2[0m  [["id", 1], ["LIMIT", 1]]
  ↳ app/controllers/api/v1/meetings_controller.rb:31:in `update'
  [1m[36mMeeting Load (0.4ms)[0m  [1m[34mSELECT "meetings".* FROM "meetings" WHERE "meetings"."room_id" = $1[0m  [["room_id", 1]]
  ↳ app/models/meeting.rb:22:in `booking_conflict'
  [1m[36mTRANSACTION (0.3ms)[0m  [1m[31mROLLBACK[0m
  ↳ app/controllers/api/v1/meetings_controller.rb:31:in `update'
Completed 422 Unprocessable Entity in 11ms (Views: 0.2ms | ActiveRecord: 1.6ms | Allocations: 3253)


Started PUT "/api/v1/organizations/1/rooms/1/meetings/2" for 172.22.0.1 at 2021-12-06 23:30:13 +0000
Processing by Api::V1::MeetingsController#update as */*
  Parameters: {"starts_at"=>"06/12/2021 11:00", "end_at"=>"06/12/2021 12:00", "organization_id"=>"1", "room_id"=>"1", "id"=>"2", "meeting"=>{"starts_at"=>"06/12/2021 11:00", "end_at"=>"06/12/2021 12:00"}}
  [1m[36mMeeting Load (0.3ms)[0m  [1m[34mSELECT "meetings".* FROM "meetings" WHERE "meetings"."id" = $1 LIMIT $2[0m  [["id", 2], ["LIMIT", 1]]
  ↳ app/controllers/api/v1/meetings_controller.rb:46:in `set_meeting'
[31mUnpermitted parameters: :organization_id, :id, :meeting[0m
  [1m[36mTRANSACTION (0.2ms)[0m  [1m[35mBEGIN[0m
  ↳ app/controllers/api/v1/meetings_controller.rb:31:in `update'
  [1m[36mRoom Load (0.2ms)[0m  [1m[34mSELECT "rooms".* FROM "rooms" WHERE "rooms"."id" = $1 LIMIT $2[0m  [["id", 1], ["LIMIT", 1]]
  ↳ app/controllers/api/v1/meetings_controller.rb:31:in `update'
  [1m[36mMeeting Load (0.4ms)[0m  [1m[34mSELECT "meetings".* FROM "meetings" WHERE "meetings"."room_id" = $1 AND "meetings"."id" != $2[0m  [["room_id", 1], ["id", 2]]
  ↳ app/models/meeting.rb:22:in `booking_conflict'
  [1m[36mTRANSACTION (0.2ms)[0m  [1m[31mROLLBACK[0m
  ↳ app/controllers/api/v1/meetings_controller.rb:31:in `update'
Completed 422 Unprocessable Entity in 27ms (Views: 0.2ms | ActiveRecord: 12.5ms | Allocations: 8996)


Started PUT "/api/v1/organizations/1/rooms/1/meetings/2" for 172.22.0.1 at 2021-12-06 23:31:00 +0000
Processing by Api::V1::MeetingsController#update as */*
  Parameters: {"starts_at"=>"06/12/2021 14:00", "end_at"=>"06/12/2021 15:00", "organization_id"=>"1", "room_id"=>"1", "id"=>"2", "meeting"=>{"starts_at"=>"06/12/2021 14:00", "end_at"=>"06/12/2021 15:00"}}
  [1m[36mMeeting Load (0.4ms)[0m  [1m[34mSELECT "meetings".* FROM "meetings" WHERE "meetings"."id" = $1 LIMIT $2[0m  [["id", 2], ["LIMIT", 1]]
  ↳ app/controllers/api/v1/meetings_controller.rb:46:in `set_meeting'
[31mUnpermitted parameters: :organization_id, :id, :meeting[0m
  [1m[36mTRANSACTION (0.3ms)[0m  [1m[35mBEGIN[0m
  ↳ app/controllers/api/v1/meetings_controller.rb:31:in `update'
  [1m[36mRoom Load (0.2ms)[0m  [1m[34mSELECT "rooms".* FROM "rooms" WHERE "rooms"."id" = $1 LIMIT $2[0m  [["id", 1], ["LIMIT", 1]]
  ↳ app/controllers/api/v1/meetings_controller.rb:31:in `update'
  [1m[36mMeeting Load (0.5ms)[0m  [1m[34mSELECT "meetings".* FROM "meetings" WHERE "meetings"."room_id" = $1 AND "meetings"."id" != $2[0m  [["room_id", 1], ["id", 2]]
  ↳ app/models/meeting.rb:22:in `booking_conflict'
  [1m[36mOrganization Load (0.2ms)[0m  [1m[34mSELECT "organizations".* FROM "organizations" WHERE "organizations"."id" = $1 LIMIT $2[0m  [["id", 1], ["LIMIT", 1]]
  ↳ app/models/meeting.rb:35:in `is_weekend?'
  [1m[36mMeeting Update (0.6ms)[0m  [1m[33mUPDATE "meetings" SET "end_at" = $1, "updated_at" = $2 WHERE "meetings"."id" = $3[0m  [["end_at", "2021-12-06 15:00:00"], ["updated_at", "2021-12-06 23:31:00.731692"], ["id", 2]]
  ↳ app/controllers/api/v1/meetings_controller.rb:31:in `update'
  [1m[36mTRANSACTION (11.4ms)[0m  [1m[35mCOMMIT[0m
  ↳ app/controllers/api/v1/meetings_controller.rb:31:in `update'
Completed 200 OK in 57ms (Views: 0.3ms | ActiveRecord: 30.9ms | Allocations: 15077)


Started DELETE "/api/v1/organizations/1/rooms/1/meetings" for 172.22.0.1 at 2021-12-06 23:32:33 +0000
  
ActionController::RoutingError (No route matches [DELETE] "/api/v1/organizations/1/rooms/1/meetings"):
  
Started GET "/api/v1/organizations/1/rooms/1/meetings" for 172.22.0.1 at 2021-12-06 23:32:39 +0000
Processing by Api::V1::MeetingsController#index as */*
  Parameters: {"starts_at"=>"10/12/2021 10:00", "end_at"=>"10/12/2021 11:00", "organization_id"=>"1", "room_id"=>"1", "meeting"=>{"starts_at"=>"10/12/2021 10:00", "end_at"=>"10/12/2021 11:00"}}
  [1m[36mMeeting Load (0.5ms)[0m  [1m[34mSELECT "meetings".* FROM "meetings" WHERE "meetings"."room_id" = $1[0m  [["room_id", 1]]
  ↳ app/controllers/api/v1/meetings_controller.rb:9:in `index'
Completed 200 OK in 18ms (Views: 12.4ms | ActiveRecord: 8.0ms | Allocations: 3174)


Started DELETE "/api/v1/organizations/1/rooms/1/meetings/2" for 172.22.0.1 at 2021-12-06 23:33:03 +0000
Processing by Api::V1::MeetingsController#destroy as */*
  Parameters: {"organization_id"=>"1", "room_id"=>"1", "id"=>"2"}
  [1m[36mMeeting Load (0.3ms)[0m  [1m[34mSELECT "meetings".* FROM "meetings" WHERE "meetings"."id" = $1 LIMIT $2[0m  [["id", 2], ["LIMIT", 1]]
  ↳ app/controllers/api/v1/meetings_controller.rb:46:in `set_meeting'
  [1m[36mTRANSACTION (0.3ms)[0m  [1m[35mBEGIN[0m
  ↳ app/controllers/api/v1/meetings_controller.rb:40:in `destroy'
  [1m[36mMeeting Destroy (0.4ms)[0m  [1m[31mDELETE FROM "meetings" WHERE "meetings"."id" = $1[0m  [["id", 2]]
  ↳ app/controllers/api/v1/meetings_controller.rb:40:in `destroy'
  [1m[36mTRANSACTION (19.3ms)[0m  [1m[35mCOMMIT[0m
  ↳ app/controllers/api/v1/meetings_controller.rb:40:in `destroy'
Completed 200 OK in 35ms (Views: 0.1ms | ActiveRecord: 25.5ms | Allocations: 5047)


Started DELETE "/api/v1/organizations/1/rooms/1/meetings/1" for 172.22.0.1 at 2021-12-06 23:33:21 +0000
Processing by Api::V1::MeetingsController#destroy as */*
  Parameters: {"organization_id"=>"1", "room_id"=>"1", "id"=>"1"}
  [1m[36mMeeting Load (0.4ms)[0m  [1m[34mSELECT "meetings".* FROM "meetings" WHERE "meetings"."id" = $1 LIMIT $2[0m  [["id", 1], ["LIMIT", 1]]
  ↳ app/controllers/api/v1/meetings_controller.rb:46:in `set_meeting'
  [1m[36mTRANSACTION (0.2ms)[0m  [1m[35mBEGIN[0m
  ↳ app/controllers/api/v1/meetings_controller.rb:40:in `destroy'
  [1m[36mMeeting Destroy (0.4ms)[0m  [1m[31mDELETE FROM "meetings" WHERE "meetings"."id" = $1[0m  [["id", 1]]
  ↳ app/controllers/api/v1/meetings_controller.rb:40:in `destroy'
  [1m[36mTRANSACTION (11.1ms)[0m  [1m[35mCOMMIT[0m
  ↳ app/controllers/api/v1/meetings_controller.rb:40:in `destroy'
Completed 200 OK in 28ms (Views: 0.2ms | ActiveRecord: 18.4ms | Allocations: 5027)


